<?xml version="1.0" encoding="UTF-8"?>
<!-- Generated by org.testng.reporters.JUnitReportReporter -->
<testsuite hostname="RJRyzen" failures="0" tests="1" name="test1" time="0.007" errors="0" timestamp="2021-06-24T16:19:54 CDT" skipped="0">
  <testcase classname="test1" name="test" time="0.007"/>
  <system-out/>
</testsuite> <!-- test1 -->
